  Game.cpp
C:\Users\aharris\source\repos\SpaceOdyssey\SpaceOdyssey\Player.h(9,2): error C2653: 'sf': is not a class or namespace name
C:\Users\aharris\source\repos\SpaceOdyssey\SpaceOdyssey\Player.h(9,13): error C3646: 'sprite': unknown override specifier
C:\Users\aharris\source\repos\SpaceOdyssey\SpaceOdyssey\Player.h(9,6): error C4430: missing type specifier - int assumed. Note: C++ does not support default-int
C:\Users\aharris\source\repos\SpaceOdyssey\SpaceOdyssey\Player.h(10,2): error C2653: 'sf': is not a class or namespace name
C:\Users\aharris\source\repos\SpaceOdyssey\SpaceOdyssey\Player.h(10,14): error C3646: 'texture': unknown override specifier
C:\Users\aharris\source\repos\SpaceOdyssey\SpaceOdyssey\Player.h(10,6): error C4430: missing type specifier - int assumed. Note: C++ does not support default-int
C:\Users\aharris\source\repos\SpaceOdyssey\SpaceOdyssey\Player.h(30,8): error C2653: 'sf': is not a class or namespace name
C:\Users\aharris\source\repos\SpaceOdyssey\SpaceOdyssey\Player.h(30,2): error C4430: missing type specifier - int assumed. Note: C++ does not support default-int
C:\Users\aharris\source\repos\SpaceOdyssey\SpaceOdyssey\Player.h(30,20): error C2143: syntax error: missing ';' before '&'
C:\Users\aharris\source\repos\SpaceOdyssey\SpaceOdyssey\Player.h(30,36): error C2238: unexpected token(s) preceding ';'
C:\Users\aharris\source\repos\SpaceOdyssey\SpaceOdyssey\Player.h(31,8): error C2653: 'sf': is not a class or namespace name
C:\Users\aharris\source\repos\SpaceOdyssey\SpaceOdyssey\Player.h(31,2): error C4430: missing type specifier - int assumed. Note: C++ does not support default-int
C:\Users\aharris\source\repos\SpaceOdyssey\SpaceOdyssey\Player.h(31,22): error C3646: 'getBounds': unknown override specifier
C:\Users\aharris\source\repos\SpaceOdyssey\SpaceOdyssey\Player.h(31,32): error C2059: syntax error: ')'
C:\Users\aharris\source\repos\SpaceOdyssey\SpaceOdyssey\Player.h(31,39): error C2238: unexpected token(s) preceding ';'
C:\Users\aharris\source\repos\SpaceOdyssey\SpaceOdyssey\Player.h(36,25): error C2653: 'sf': is not a class or namespace name
C:\Users\aharris\source\repos\SpaceOdyssey\SpaceOdyssey\Player.h(36,19): error C4430: missing type specifier - int assumed. Note: C++ does not support default-int
C:\Users\aharris\source\repos\SpaceOdyssey\SpaceOdyssey\Player.h(36,38): error C2146: syntax error: missing ')' before identifier 'pos'
C:\Users\aharris\source\repos\SpaceOdyssey\SpaceOdyssey\Player.h(36,38): error C3646: 'pos': unknown override specifier
C:\Users\aharris\source\repos\SpaceOdyssey\SpaceOdyssey\Player.h(36,41): error C2059: syntax error: ')'
C:\Users\aharris\source\repos\SpaceOdyssey\SpaceOdyssey\Player.h(47,14): error C2653: 'sf': is not a class or namespace name
C:\Users\aharris\source\repos\SpaceOdyssey\SpaceOdyssey\Player.h(47,18): error C2061: syntax error: identifier 'RenderTarget'
C:\Users\aharris\source\repos\SpaceOdyssey\SpaceOdyssey\Game.h(16,2): error C2653: 'sf': is not a class or namespace name
C:\Users\aharris\source\repos\SpaceOdyssey\SpaceOdyssey\Game.h(16,18): error C2143: syntax error: missing ';' before '*'
C:\Users\aharris\source\repos\SpaceOdyssey\SpaceOdyssey\Game.h(16,6): error C4430: missing type specifier - int assumed. Note: C++ does not support default-int
C:\Users\aharris\source\repos\SpaceOdyssey\SpaceOdyssey\Game.h(16,26): error C2238: unexpected token(s) preceding ';'
C:\Users\aharris\source\repos\SpaceOdyssey\SpaceOdyssey\Game.h(19,7): error C2039: 'map': is not a member of 'std'
C:\Users\aharris\source\repos\SpaceOdyssey\SpaceOdyssey\Game.h(19,10): error C2143: syntax error: missing ';' before '<'
C:\Users\aharris\source\repos\SpaceOdyssey\SpaceOdyssey\Game.h(19,7): error C4430: missing type specifier - int assumed. Note: C++ does not support default-int
C:\Users\aharris\source\repos\SpaceOdyssey\SpaceOdyssey\Game.h(19,24): error C2653: 'sf': is not a class or namespace name
C:\Users\aharris\source\repos\SpaceOdyssey\SpaceOdyssey\Game.h(19,46): error C2238: unexpected token(s) preceding ';'
C:\Users\aharris\source\repos\SpaceOdyssey\SpaceOdyssey\Game.h(23,2): error C2653: 'sf': is not a class or namespace name
C:\Users\aharris\source\repos\SpaceOdyssey\SpaceOdyssey\Game.h(23,11): error C3646: 'font': unknown override specifier
C:\Users\aharris\source\repos\SpaceOdyssey\SpaceOdyssey\Game.h(23,6): error C4430: missing type specifier - int assumed. Note: C++ does not support default-int
C:\Users\aharris\source\repos\SpaceOdyssey\SpaceOdyssey\Game.h(24,2): error C2653: 'sf': is not a class or namespace name
C:\Users\aharris\source\repos\SpaceOdyssey\SpaceOdyssey\Game.h(24,11): error C3646: 'pointText': unknown override specifier
C:\Users\aharris\source\repos\SpaceOdyssey\SpaceOdyssey\Game.h(24,6): error C4430: missing type specifier - int assumed. Note: C++ does not support default-int
C:\Users\aharris\source\repos\SpaceOdyssey\SpaceOdyssey\Game.h(25,2): error C2653: 'sf': is not a class or namespace name
C:\Users\aharris\source\repos\SpaceOdyssey\SpaceOdyssey\Game.h(25,11): error C3646: 'gameOverText': unknown override specifier
C:\Users\aharris\source\repos\SpaceOdyssey\SpaceOdyssey\Game.h(25,6): error C4430: missing type specifier - int assumed. Note: C++ does not support default-int
C:\Users\aharris\source\repos\SpaceOdyssey\SpaceOdyssey\Game.h(28,2): error C2653: 'sf': is not a class or namespace name
C:\Users\aharris\source\repos\SpaceOdyssey\SpaceOdyssey\Game.h(28,14): error C3646: 'backgroundTexture': unknown override specifier
C:\Users\aharris\source\repos\SpaceOdyssey\SpaceOdyssey\Game.h(28,6): error C4430: missing type specifier - int assumed. Note: C++ does not support default-int
C:\Users\aharris\source\repos\SpaceOdyssey\SpaceOdyssey\Game.h(29,2): error C2653: 'sf': is not a class or namespace name
C:\Users\aharris\source\repos\SpaceOdyssey\SpaceOdyssey\Game.h(29,13): error C3646: 'background': unknown override specifier
C:\Users\aharris\source\repos\SpaceOdyssey\SpaceOdyssey\Game.h(29,6): error C4430: missing type specifier - int assumed. Note: C++ does not support default-int
C:\Users\aharris\source\repos\SpaceOdyssey\SpaceOdyssey\Game.h(38,2): error C2653: 'sf': is not a class or namespace name
C:\Users\aharris\source\repos\SpaceOdyssey\SpaceOdyssey\Game.h(38,21): error C3646: 'playerHpBar': unknown override specifier
C:\Users\aharris\source\repos\SpaceOdyssey\SpaceOdyssey\Game.h(38,6): error C4430: missing type specifier - int assumed. Note: C++ does not support default-int
C:\Users\aharris\source\repos\SpaceOdyssey\SpaceOdyssey\Game.h(39,2): error C2653: 'sf': is not a class or namespace name
C:\Users\aharris\source\repos\SpaceOdyssey\SpaceOdyssey\Game.h(39,21): error C3646: 'playerHpBarBackground': unknown override specifier
C:\Users\aharris\source\repos\SpaceOdyssey\SpaceOdyssey\Game.h(39,6): error C4430: missing type specifier - int assumed. Note: C++ does not support default-int
C:\Users\aharris\source\repos\SpaceOdyssey\SpaceOdyssey\Game.cpp(7,8): error C2039: 'window': is not a member of 'Game'
C:\Users\aharris\source\repos\SpaceOdyssey\SpaceOdyssey\Game.cpp(7,21): error C2653: 'sf': is not a class or namespace name
C:\Users\aharris\source\repos\SpaceOdyssey\SpaceOdyssey\Game.cpp(7,25): error C2061: syntax error: identifier 'RenderWindow'
C:\Users\aharris\source\repos\SpaceOdyssey\SpaceOdyssey\Game.cpp(7,38): error C2653: 'sf': is not a class or namespace name
C:\Users\aharris\source\repos\SpaceOdyssey\SpaceOdyssey\Game.cpp(7,82): error C2653: 'sf': is not a class or namespace name
C:\Users\aharris\source\repos\SpaceOdyssey\SpaceOdyssey\Game.cpp(7,101): error C2653: 'sf': is not a class or namespace name
C:\Users\aharris\source\repos\SpaceOdyssey\SpaceOdyssey\Game.cpp(8,8): error C2039: 'window': is not a member of 'Game'
C:\Users\aharris\source\repos\SpaceOdyssey\SpaceOdyssey\Game.cpp(9,8): error C2039: 'window': is not a member of 'Game'
C:\Users\aharris\source\repos\SpaceOdyssey\SpaceOdyssey\Game.cpp(14,8): error C2039: 'textures': is not a member of 'Game'
C:\Users\aharris\source\repos\SpaceOdyssey\SpaceOdyssey\Game.cpp(14,33): error C2653: 'sf': is not a class or namespace name
C:\Users\aharris\source\repos\SpaceOdyssey\SpaceOdyssey\Game.cpp(14,37): error C2061: syntax error: identifier 'Texture'
C:\Users\aharris\source\repos\SpaceOdyssey\SpaceOdyssey\Game.cpp(15,8): error C2039: 'textures': is not a member of 'Game'
C:\Users\aharris\source\repos\SpaceOdyssey\SpaceOdyssey\Game.cpp(21,13): error C2039: 'font': is not a member of 'Game'
C:\Users\aharris\source\repos\SpaceOdyssey\SpaceOdyssey\Game.cpp(27,8): error C2039: 'pointText': is not a member of 'Game'
C:\Users\aharris\source\repos\SpaceOdyssey\SpaceOdyssey\Game.cpp(27,32): error C2039: 'font': is not a member of 'Game'
C:\Users\aharris\source\repos\SpaceOdyssey\SpaceOdyssey\Game.cpp(28,8): error C2039: 'pointText': is not a member of 'Game'
C:\Users\aharris\source\repos\SpaceOdyssey\SpaceOdyssey\Game.cpp(29,8): error C2039: 'pointText': is not a member of 'Game'
C:\Users\aharris\source\repos\SpaceOdyssey\SpaceOdyssey\Game.cpp(29,31): error C2653: 'sf': is not a class or namespace name
C:\Users\aharris\source\repos\SpaceOdyssey\SpaceOdyssey\Game.cpp(29,42): error C2065: 'White': undeclared identifier
C:\Users\aharris\source\repos\SpaceOdyssey\SpaceOdyssey\Game.cpp(32,8): error C2039: 'playerHpBar': is not a member of 'Game'
C:\Users\aharris\source\repos\SpaceOdyssey\SpaceOdyssey\Game.cpp(32,28): error C2653: 'sf': is not a class or namespace name
C:\Users\aharris\source\repos\SpaceOdyssey\SpaceOdyssey\Game.cpp(32,32): error C3861: 'Vector2f': identifier not found
C:\Users\aharris\source\repos\SpaceOdyssey\SpaceOdyssey\Game.cpp(33,8): error C2039: 'playerHpBar': is not a member of 'Game'
C:\Users\aharris\source\repos\SpaceOdyssey\SpaceOdyssey\Game.cpp(33,33): error C2653: 'sf': is not a class or namespace name
C:\Users\aharris\source\repos\SpaceOdyssey\SpaceOdyssey\Game.cpp(33,44): error C2065: 'Red': undeclared identifier
C:\Users\aharris\source\repos\SpaceOdyssey\SpaceOdyssey\Game.cpp(34,8): error C2039: 'playerHpBar': is not a member of 'Game'
C:\Users\aharris\source\repos\SpaceOdyssey\SpaceOdyssey\Game.cpp(34,32): error C2653: 'sf': is not a class or namespace name
C:\Users\aharris\source\repos\SpaceOdyssey\SpaceOdyssey\Game.cpp(34,36): error C3861: 'Vector2f': identifier not found
C:\Users\aharris\source\repos\SpaceOdyssey\SpaceOdyssey\Game.cpp(36,8): error C2039: 'playerHpBarBackground': is not a member of 'Game'
C:\Users\aharris\source\repos\SpaceOdyssey\SpaceOdyssey\Game.cpp(36,38): error C2039: 'playerHpBar': is not a member of 'Game'
C:\Users\aharris\source\repos\SpaceOdyssey\SpaceOdyssey\Game.cpp(37,8): error C2039: 'playerHpBarBackground': is not a member of 'Game'
C:\Users\aharris\source\repos\SpaceOdyssey\SpaceOdyssey\Game.cpp(37,43): error C2653: 'sf': is not a class or namespace name
C:\Users\aharris\source\repos\SpaceOdyssey\SpaceOdyssey\Game.cpp(37,47): error C3861: 'Color': identifier not found
C:\Users\aharris\source\repos\SpaceOdyssey\SpaceOdyssey\Game.cpp(40,8): error C2039: 'gameOverText': is not a member of 'Game'
C:\Users\aharris\source\repos\SpaceOdyssey\SpaceOdyssey\Game.cpp(40,35): error C2039: 'font': is not a member of 'Game'
C:\Users\aharris\source\repos\SpaceOdyssey\SpaceOdyssey\Game.cpp(41,8): error C2039: 'gameOverText': is not a member of 'Game'
C:\Users\aharris\source\repos\SpaceOdyssey\SpaceOdyssey\Game.cpp(42,8): error C2039: 'gameOverText': is not a member of 'Game'
C:\Users\aharris\source\repos\SpaceOdyssey\SpaceOdyssey\Game.cpp(42,34): error C2653: 'sf': is not a class or namespace name
C:\Users\aharris\source\repos\SpaceOdyssey\SpaceOdyssey\Game.cpp(42,45): error C2065: 'Red': undeclared identifier
C:\Users\aharris\source\repos\SpaceOdyssey\SpaceOdyssey\Game.cpp(43,8): error C2039: 'gameOverText': is not a member of 'Game'
C:\Users\aharris\source\repos\SpaceOdyssey\SpaceOdyssey\Game.cpp(44,8): error C2039: 'gameOverText': is not a member of 'Game'
C:\Users\aharris\source\repos\SpaceOdyssey\SpaceOdyssey\Game.cpp(44,39): error C2039: 'window': is not a member of 'Game'
C:\Users\aharris\source\repos\SpaceOdyssey\SpaceOdyssey\Game.cpp(44,74): error C2039: 'gameOverText': is not a member of 'Game'
C:\Users\aharris\source\repos\SpaceOdyssey\SpaceOdyssey\Game.cpp(45,9): error C2039: 'window': is not a member of 'Game'
C:\Users\aharris\source\repos\SpaceOdyssey\SpaceOdyssey\Game.cpp(45,44): error C2039: 'gameOverText': is not a member of 'Game'
C:\Users\aharris\source\repos\SpaceOdyssey\SpaceOdyssey\Game.cpp(50,13): error C2039: 'backgroundTexture': is not a member of 'Game'
C:\Users\aharris\source\repos\SpaceOdyssey\SpaceOdyssey\Game.cpp(54,8): error C2039: 'background': is not a member of 'Game'
C:\Users\aharris\source\repos\SpaceOdyssey\SpaceOdyssey\Game.cpp(54,36): error C2039: 'backgroundTexture': is not a member of 'Game'
C:\Users\aharris\source\repos\SpaceOdyssey\SpaceOdyssey\Game.cpp(88,15): error C2039: 'window': is not a member of 'Game'
C:\Users\aharris\source\repos\SpaceOdyssey\SpaceOdyssey\Game.cpp(113,15): error C2039: 'window': is not a member of 'Game'
  Player.cpp
C:\Users\aharris\source\repos\SpaceOdyssey\SpaceOdyssey\Game.h(16,2): error C2653: 'sf': is not a class or namespace name
C:\Users\aharris\source\repos\SpaceOdyssey\SpaceOdyssey\Game.h(16,18): error C2143: syntax error: missing ';' before '*'
C:\Users\aharris\source\repos\SpaceOdyssey\SpaceOdyssey\Game.h(16,6): error C4430: missing type specifier - int assumed. Note: C++ does not support default-int
C:\Users\aharris\source\repos\SpaceOdyssey\SpaceOdyssey\Game.h(16,26): error C2238: unexpected token(s) preceding ';'
C:\Users\aharris\source\repos\SpaceOdyssey\SpaceOdyssey\Game.h(19,7): error C2039: 'map': is not a member of 'std'
C:\Users\aharris\source\repos\SpaceOdyssey\SpaceOdyssey\Game.h(19,10): error C2143: syntax error: missing ';' before '<'
C:\Users\aharris\source\repos\SpaceOdyssey\SpaceOdyssey\Game.h(19,7): error C4430: missing type specifier - int assumed. Note: C++ does not support default-int
C:\Users\aharris\source\repos\SpaceOdyssey\SpaceOdyssey\Game.h(19,24): error C2653: 'sf': is not a class or namespace name
C:\Users\aharris\source\repos\SpaceOdyssey\SpaceOdyssey\Game.h(19,46): error C2238: unexpected token(s) preceding ';'
C:\Users\aharris\source\repos\SpaceOdyssey\SpaceOdyssey\Game.h(23,2): error C2653: 'sf': is not a class or namespace name
C:\Users\aharris\source\repos\SpaceOdyssey\SpaceOdyssey\Game.h(23,11): error C3646: 'font': unknown override specifier
C:\Users\aharris\source\repos\SpaceOdyssey\SpaceOdyssey\Game.h(23,6): error C4430: missing type specifier - int assumed. Note: C++ does not support default-int
C:\Users\aharris\source\repos\SpaceOdyssey\SpaceOdyssey\Game.h(24,2): error C2653: 'sf': is not a class or namespace name
C:\Users\aharris\source\repos\SpaceOdyssey\SpaceOdyssey\Game.h(24,11): error C3646: 'pointText': unknown override specifier
C:\Users\aharris\source\repos\SpaceOdyssey\SpaceOdyssey\Game.h(24,6): error C4430: missing type specifier - int assumed. Note: C++ does not support default-int
C:\Users\aharris\source\repos\SpaceOdyssey\SpaceOdyssey\Game.h(25,2): error C2653: 'sf': is not a class or namespace name
C:\Users\aharris\source\repos\SpaceOdyssey\SpaceOdyssey\Game.h(25,11): error C3646: 'gameOverText': unknown override specifier
C:\Users\aharris\source\repos\SpaceOdyssey\SpaceOdyssey\Game.h(25,6): error C4430: missing type specifier - int assumed. Note: C++ does not support default-int
C:\Users\aharris\source\repos\SpaceOdyssey\SpaceOdyssey\Game.h(28,2): error C2653: 'sf': is not a class or namespace name
C:\Users\aharris\source\repos\SpaceOdyssey\SpaceOdyssey\Game.h(28,14): error C3646: 'backgroundTexture': unknown override specifier
C:\Users\aharris\source\repos\SpaceOdyssey\SpaceOdyssey\Game.h(28,6): error C4430: missing type specifier - int assumed. Note: C++ does not support default-int
C:\Users\aharris\source\repos\SpaceOdyssey\SpaceOdyssey\Game.h(29,2): error C2653: 'sf': is not a class or namespace name
C:\Users\aharris\source\repos\SpaceOdyssey\SpaceOdyssey\Game.h(29,13): error C3646: 'background': unknown override specifier
C:\Users\aharris\source\repos\SpaceOdyssey\SpaceOdyssey\Game.h(29,6): error C4430: missing type specifier - int assumed. Note: C++ does not support default-int
C:\Users\aharris\source\repos\SpaceOdyssey\SpaceOdyssey\Game.h(35,8): error C2143: syntax error: missing ';' before '*'
C:\Users\aharris\source\repos\SpaceOdyssey\SpaceOdyssey\Game.h(35,2): error C4430: missing type specifier - int assumed. Note: C++ does not support default-int
C:\Users\aharris\source\repos\SpaceOdyssey\SpaceOdyssey\Game.h(35,16): error C2238: unexpected token(s) preceding ';'
C:\Users\aharris\source\repos\SpaceOdyssey\SpaceOdyssey\Game.h(38,2): error C2653: 'sf': is not a class or namespace name
C:\Users\aharris\source\repos\SpaceOdyssey\SpaceOdyssey\Game.h(38,21): error C3646: 'playerHpBar': unknown override specifier
C:\Users\aharris\source\repos\SpaceOdyssey\SpaceOdyssey\Game.h(38,6): error C4430: missing type specifier - int assumed. Note: C++ does not support default-int
C:\Users\aharris\source\repos\SpaceOdyssey\SpaceOdyssey\Game.h(39,2): error C2653: 'sf': is not a class or namespace name
C:\Users\aharris\source\repos\SpaceOdyssey\SpaceOdyssey\Game.h(39,21): error C3646: 'playerHpBarBackground': unknown override specifier
C:\Users\aharris\source\repos\SpaceOdyssey\SpaceOdyssey\Game.h(39,6): error C4430: missing type specifier - int assumed. Note: C++ does not support default-int
C:\Users\aharris\source\repos\SpaceOdyssey\SpaceOdyssey\Player.h(9,2): error C2653: 'sf': is not a class or namespace name
C:\Users\aharris\source\repos\SpaceOdyssey\SpaceOdyssey\Player.h(9,13): error C3646: 'sprite': unknown override specifier
C:\Users\aharris\source\repos\SpaceOdyssey\SpaceOdyssey\Player.h(9,6): error C4430: missing type specifier - int assumed. Note: C++ does not support default-int
C:\Users\aharris\source\repos\SpaceOdyssey\SpaceOdyssey\Player.h(10,2): error C2653: 'sf': is not a class or namespace name
C:\Users\aharris\source\repos\SpaceOdyssey\SpaceOdyssey\Player.h(10,14): error C3646: 'texture': unknown override specifier
C:\Users\aharris\source\repos\SpaceOdyssey\SpaceOdyssey\Player.h(10,6): error C4430: missing type specifier - int assumed. Note: C++ does not support default-int
C:\Users\aharris\source\repos\SpaceOdyssey\SpaceOdyssey\Player.h(30,8): error C2653: 'sf': is not a class or namespace name
C:\Users\aharris\source\repos\SpaceOdyssey\SpaceOdyssey\Player.h(30,2): error C4430: missing type specifier - int assumed. Note: C++ does not support default-int
C:\Users\aharris\source\repos\SpaceOdyssey\SpaceOdyssey\Player.h(30,20): error C2143: syntax error: missing ';' before '&'
C:\Users\aharris\source\repos\SpaceOdyssey\SpaceOdyssey\Player.h(30,36): error C2238: unexpected token(s) preceding ';'
C:\Users\aharris\source\repos\SpaceOdyssey\SpaceOdyssey\Player.h(31,8): error C2653: 'sf': is not a class or namespace name
C:\Users\aharris\source\repos\SpaceOdyssey\SpaceOdyssey\Player.h(31,2): error C4430: missing type specifier - int assumed. Note: C++ does not support default-int
C:\Users\aharris\source\repos\SpaceOdyssey\SpaceOdyssey\Player.h(31,22): error C3646: 'getBounds': unknown override specifier
C:\Users\aharris\source\repos\SpaceOdyssey\SpaceOdyssey\Player.h(31,32): error C2059: syntax error: ')'
C:\Users\aharris\source\repos\SpaceOdyssey\SpaceOdyssey\Player.h(31,39): error C2238: unexpected token(s) preceding ';'
C:\Users\aharris\source\repos\SpaceOdyssey\SpaceOdyssey\Player.h(36,25): error C2653: 'sf': is not a class or namespace name
C:\Users\aharris\source\repos\SpaceOdyssey\SpaceOdyssey\Player.h(36,19): error C4430: missing type specifier - int assumed. Note: C++ does not support default-int
C:\Users\aharris\source\repos\SpaceOdyssey\SpaceOdyssey\Player.h(36,38): error C2146: syntax error: missing ')' before identifier 'pos'
C:\Users\aharris\source\repos\SpaceOdyssey\SpaceOdyssey\Player.h(36,38): error C3646: 'pos': unknown override specifier
C:\Users\aharris\source\repos\SpaceOdyssey\SpaceOdyssey\Player.h(36,41): error C2059: syntax error: ')'
C:\Users\aharris\source\repos\SpaceOdyssey\SpaceOdyssey\Player.h(47,14): error C2653: 'sf': is not a class or namespace name
C:\Users\aharris\source\repos\SpaceOdyssey\SpaceOdyssey\Player.h(47,18): error C2061: syntax error: identifier 'RenderTarget'
C:\Users\aharris\source\repos\SpaceOdyssey\SpaceOdyssey\Player.cpp(19,13): error C2039: 'texture': is not a member of 'Player'
C:\Users\aharris\source\repos\SpaceOdyssey\SpaceOdyssey\Player.cpp(21,8): error C2039: 'cout': is not a member of 'std'
C:\Users\aharris\source\repos\SpaceOdyssey\SpaceOdyssey\Player.cpp(21,8): error C2065: 'cout': undeclared identifier
C:\Users\aharris\source\repos\SpaceOdyssey\SpaceOdyssey\Player.cpp(28,8): error C2039: 'sprite': is not a member of 'Player'
C:\Users\aharris\source\repos\SpaceOdyssey\SpaceOdyssey\Player.cpp(28,32): error C2039: 'texture': is not a member of 'Player'
C:\Users\aharris\source\repos\SpaceOdyssey\SpaceOdyssey\Player.cpp(29,8): error C2039: 'sprite': is not a member of 'Player'
C:\Users\aharris\source\repos\SpaceOdyssey\SpaceOdyssey\Player.cpp(31,8): error C2039: 'sprite': is not a member of 'Player'
C:\Users\aharris\source\repos\SpaceOdyssey\SpaceOdyssey\Player.cpp(35,1): error C2789: 'Player::Vector2f': an object of const-qualified type must be initialized
C:\Users\aharris\source\repos\SpaceOdyssey\SpaceOdyssey\Player.cpp(47,7): error C2653: 'sf': is not a class or namespace name
C:\Users\aharris\source\repos\SpaceOdyssey\SpaceOdyssey\Player.cpp(47,1): error C4430: missing type specifier - int assumed. Note: C++ does not support default-int
C:\Users\aharris\source\repos\SpaceOdyssey\SpaceOdyssey\Player.cpp(47,19): error C2143: syntax error: missing ';' before '&'
C:\Users\aharris\source\repos\SpaceOdyssey\SpaceOdyssey\Player.cpp(47,29): error C2039: 'getPos': is not a member of 'Player'
C:\Users\aharris\source\repos\SpaceOdyssey\SpaceOdyssey\Player.cpp(47,29): error C2270: 'getPos': modifiers not allowed on nonmember functions
C:\Users\aharris\source\repos\SpaceOdyssey\SpaceOdyssey\Player.cpp(47,29): error C4430: missing type specifier - int assumed. Note: C++ does not support default-int
C:\Users\aharris\source\repos\SpaceOdyssey\SpaceOdyssey\Player.cpp(48,1): error C2059: syntax error: '{'
C:\Users\aharris\source\repos\SpaceOdyssey\SpaceOdyssey\Player.cpp(48,1): error C2143: syntax error: missing ';' before '{'
C:\Users\aharris\source\repos\SpaceOdyssey\SpaceOdyssey\Player.cpp(48,1): error C2447: '{': missing function header (old-style formal list?)
C:\Users\aharris\source\repos\SpaceOdyssey\SpaceOdyssey\Player.cpp(52,7): error C2653: 'sf': is not a class or namespace name
C:\Users\aharris\source\repos\SpaceOdyssey\SpaceOdyssey\Player.cpp(52,1): error C4430: missing type specifier - int assumed. Note: C++ does not support default-int
C:\Users\aharris\source\repos\SpaceOdyssey\SpaceOdyssey\Player.cpp(52,29): error C2039: 'getBounds': is not a member of 'Player'
C:\Users\aharris\source\repos\SpaceOdyssey\SpaceOdyssey\Player.cpp(52,29): error C2146: syntax error: missing ';' before identifier 'getBounds'
C:\Users\aharris\source\repos\SpaceOdyssey\SpaceOdyssey\Player.cpp(52,39): error C2059: syntax error: ')'
C:\Users\aharris\source\repos\SpaceOdyssey\SpaceOdyssey\Player.cpp(53,1): error C2143: syntax error: missing ';' before '{'
C:\Users\aharris\source\repos\SpaceOdyssey\SpaceOdyssey\Player.cpp(53,1): error C2447: '{': missing function header (old-style formal list?)
C:\Users\aharris\source\repos\SpaceOdyssey\SpaceOdyssey\Player.cpp(68,32): error C2653: 'sf': is not a class or namespace name
C:\Users\aharris\source\repos\SpaceOdyssey\SpaceOdyssey\Player.cpp(68,26): error C4430: missing type specifier - int assumed. Note: C++ does not support default-int
C:\Users\aharris\source\repos\SpaceOdyssey\SpaceOdyssey\Player.cpp(68,45): error C2146: syntax error: missing ')' before identifier 'pos'
C:\Users\aharris\source\repos\SpaceOdyssey\SpaceOdyssey\Player.cpp(68,45): error C3646: 'pos': unknown override specifier
C:\Users\aharris\source\repos\SpaceOdyssey\SpaceOdyssey\Player.cpp(68,48): error C2059: syntax error: ')'
C:\Users\aharris\source\repos\SpaceOdyssey\SpaceOdyssey\Player.cpp(70,8): error C2039: 'sprite': is not a member of 'Player'
C:\Users\aharris\source\repos\SpaceOdyssey\SpaceOdyssey\Player.cpp(70,27): error C2065: 'pos': undeclared identifier
C:\Users\aharris\source\repos\SpaceOdyssey\SpaceOdyssey\Player.cpp(75,8): error C2039: 'sprite': is not a member of 'Player'
C:\Users\aharris\source\repos\SpaceOdyssey\SpaceOdyssey\Player.cpp(93,8): error C2039: 'sprite': is not a member of 'Player'
C:\Users\aharris\source\repos\SpaceOdyssey\SpaceOdyssey\Player.cpp(117,21): error C2653: 'sf': is not a class or namespace name
C:\Users\aharris\source\repos\SpaceOdyssey\SpaceOdyssey\Player.cpp(117,14): error C2761: 'void Player::render(void)': redeclaration of member is not allowed
C:\Users\aharris\source\repos\SpaceOdyssey\SpaceOdyssey\Player.cpp(117,25): error C2065: 'RenderTarget': undeclared identifier
C:\Users\aharris\source\repos\SpaceOdyssey\SpaceOdyssey\Player.cpp(117,39): error C2065: 'target': undeclared identifier
C:\Users\aharris\source\repos\SpaceOdyssey\SpaceOdyssey\Player.cpp(118,1): error C2143: syntax error: missing ';' before '{'
C:\Users\aharris\source\repos\SpaceOdyssey\SpaceOdyssey\Player.cpp(119,2): error C3927: '->': trailing return type is not allowed after a non-function declarator
C:\Users\aharris\source\repos\SpaceOdyssey\SpaceOdyssey\Player.cpp(119,8): error C3484: syntax error: expected '->' before the return type
C:\Users\aharris\source\repos\SpaceOdyssey\SpaceOdyssey\Player.cpp(119,9): error C3613: missing return type after '->' ('int' assumed)
C:\Users\aharris\source\repos\SpaceOdyssey\SpaceOdyssey\Player.cpp(119,2): error C4430: missing type specifier - int assumed. Note: C++ does not support default-int
C:\Users\aharris\source\repos\SpaceOdyssey\SpaceOdyssey\Player.cpp(119,9): error C2146: syntax error: missing ';' before identifier 'draw'
C:\Users\aharris\source\repos\SpaceOdyssey\SpaceOdyssey\Player.cpp(120,1): error C2059: syntax error: '}'
C:\Users\aharris\source\repos\SpaceOdyssey\SpaceOdyssey\Player.cpp(120,1): error C2143: syntax error: missing ';' before '}'
  SpaceOdyssey.cpp
  Generating Code...
